East End Food Co-Op
How Lee Chinese Food
Eden
Rose Tea Cafe
Smiling Banana Leaf
Square Cafe
Ka Mei
Spice Island Tea House
Zaw's Asian Foods
The Green Mango
Aladdin's Eatery - Squirrel Hill
Bangkok Balcony
D's Six Pax & Dogz
Sichuan Gourmet
Noodlehead
Point Brugge Cafe
Silk Elephant
Oishii Bento
Rey Azteca
Tana Ethiopian Cuisine
S&D Polish Deli
Hofbrauhaus
Nadine's
Legume
The Pub Chip Shop
Korea Garden
Bd's Mongolian Grill
Fat Heads Saloon
Reyna Foods
Chakh Le India
Orient Express
Piper's Pub
Fuel & Fuddle
HELLO
False
